<?xml version="1.0" encoding="UTF-8"?>
<robot generator="Robot 5.0.1 (Python 3.10.5 on win32)" generated="20220927 10:01:19.335" rpa="false" schemaversion="3">
<suite id="s1" name="Contorion Login" source="C:\Users\Maya\IdeaProjects\PythonTest\Contorion_Login.robot">
<test id="s1-t1" name="Contorion Credential Login" line="12">
<kw name="Open Browser" library="Selenium2Library">
<arg>${url}</arg>
<arg>${Browser}</arg>
<doc>Opens a new browser instance to the optional ``url``.</doc>
<msg timestamp="20220927 10:01:19.853" level="INFO">Opening browser 'chrome' to base url 'https://www.contorion.de/'.</msg>
<status status="PASS" starttime="20220927 10:01:19.851" endtime="20220927 10:01:33.968"/>
</kw>
<kw name="Login Page">
<kw name="Maximize Browser Window" library="Selenium2Library">
<doc>Maximizes current browser window.</doc>
<status status="PASS" starttime="20220927 10:01:34.005" endtime="20220927 10:01:35.668"/>
</kw>
<kw name="Click Button" library="Selenium2Library">
<arg>id=popin_tc_privacy_button</arg>
<doc>Clicks the button identified by ``locator``.</doc>
<msg timestamp="20220927 10:01:35.670" level="INFO">Clicking button 'id=popin_tc_privacy_button'.</msg>
<status status="PASS" starttime="20220927 10:01:35.669" endtime="20220927 10:01:37.257"/>
</kw>
<kw name="Click Element" library="Selenium2Library">
<arg>xpath=//*[@id="page-home-index"]//header/div[3]/div/div[4]/a</arg>
<doc>Click the element identified by ``locator``.</doc>
<msg timestamp="20220927 10:01:37.258" level="INFO">Clicking element 'xpath=//*[@id="page-home-index"]//header/div[3]/div/div[4]/a'.</msg>
<status status="PASS" starttime="20220927 10:01:37.257" endtime="20220927 10:01:48.864"/>
</kw>
<kw name="Input Text" library="Selenium2Library">
<arg>xpath=//*[@id="login_email"]</arg>
<arg>mayaraj01@gmail.com</arg>
<doc>Types the given ``text`` into the text field identified by ``locator``.</doc>
<msg timestamp="20220927 10:01:48.865" level="INFO">Typing text 'mayaraj01@gmail.com' into text field 'xpath=//*[@id="login_email"]'.</msg>
<status status="PASS" starttime="20220927 10:01:48.864" endtime="20220927 10:01:50.188"/>
</kw>
<kw name="Input Password" library="Selenium2Library">
<arg>xpath=//*[@id="login_password"]</arg>
<arg>Demo12345</arg>
<doc>Types the given password into the text field identified by ``locator``.</doc>
<msg timestamp="20220927 10:01:50.189" level="INFO">Typing password into text field 'xpath=//*[@id="login_password"]'.</msg>
<msg timestamp="20220927 10:01:50.379" level="INFO">Temporally setting log level to: NONE</msg>
<msg timestamp="20220927 10:01:50.578" level="INFO">Log level changed from NONE to INFO.</msg>
<status status="PASS" starttime="20220927 10:01:50.188" endtime="20220927 10:01:50.579"/>
</kw>
<kw name="Click Button" library="Selenium2Library">
<arg>xpath=//button[@type="submit"]</arg>
<doc>Clicks the button identified by ``locator``.</doc>
<msg timestamp="20220927 10:01:50.580" level="INFO">Clicking button 'xpath=//button[@type="submit"]'.</msg>
<status status="PASS" starttime="20220927 10:01:50.579" endtime="20220927 10:01:59.820"/>
</kw>
<kw name="Click Element" library="Selenium2Library">
<arg>name=q</arg>
<doc>Click the element identified by ``locator``.</doc>
<msg timestamp="20220927 10:01:59.821" level="INFO">Clicking element 'name=q'.</msg>
<status status="PASS" starttime="20220927 10:01:59.820" endtime="20220927 10:02:00.529"/>
</kw>
<kw name="Input Text" library="Selenium2Library">
<arg>name=q</arg>
<arg>Hammer</arg>
<doc>Types the given ``text`` into the text field identified by ``locator``.</doc>
<msg timestamp="20220927 10:02:00.530" level="INFO">Typing text 'Hammer' into text field 'name=q'.</msg>
<status status="PASS" starttime="20220927 10:02:00.529" endtime="20220927 10:02:02.085"/>
</kw>
<kw name="Click Button" library="Selenium2Library">
<arg>id=search-button</arg>
<doc>Clicks the button identified by ``locator``.</doc>
<msg timestamp="20220927 10:02:02.086" level="INFO">Clicking button 'id=search-button'.</msg>
<status status="PASS" starttime="20220927 10:02:02.086" endtime="20220927 10:02:14.490"/>
</kw>
<kw name="Close All Browsers" library="Selenium2Library">
<doc>Closes all open browsers and resets the browser cache.</doc>
<status status="PASS" starttime="20220927 10:02:14.490" endtime="20220927 10:02:19.370"/>
</kw>
<status status="PASS" starttime="20220927 10:01:34.004" endtime="20220927 10:02:19.370"/>
</kw>
<status status="PASS" starttime="20220927 10:01:19.849" endtime="20220927 10:02:19.372"/>
</test>
<status status="PASS" starttime="20220927 10:01:19.341" endtime="20220927 10:02:19.376"/>
</suite>
<statistics>
<total>
<stat pass="1" fail="0" skip="0">All Tests</stat>
</total>
<tag>
</tag>
<suite>
<stat pass="1" fail="0" skip="0" id="s1" name="Contorion Login">Contorion Login</stat>
</suite>
</statistics>
<errors>
</errors>
</robot>
